[0.097s] DEBUG:colcon:Command line arguments: ['/usr/bin/colcon', 'build', '--symlink-install']
[0.097s] DEBUG:colcon:Parsed command line arguments: Namespace(log_base=None, log_level=None, verb_name='build', build_base='build', install_base='install', merge_install=False, symlink_install=True, test_result_base=None, continue_on_error=False, executor='parallel', parallel_workers=2, event_handlers=None, ignore_user_meta=False, metas=['./colcon.meta'], base_paths=['.'], packages_ignore=None, packages_ignore_regex=None, paths=None, packages_up_to=None, packages_up_to_regex=None, packages_above=None, packages_above_and_dependencies=None, packages_above_depth=None, packages_select_by_dep=None, packages_skip_by_dep=None, packages_skip_up_to=None, packages_select_build_failed=False, packages_skip_build_finished=False, packages_select_test_failures=False, packages_skip_test_passed=False, packages_select=None, packages_skip=None, packages_select_regex=None, packages_skip_regex=None, packages_start=None, packages_end=None, allow_overriding=[], cmake_args=None, cmake_target=None, cmake_target_skip_unavailable=False, cmake_clean_cache=False, cmake_clean_first=False, cmake_force_configure=False, ament_cmake_args=None, catkin_cmake_args=None, catkin_skip_building_tests=False, verb_parser=<colcon_defaults.argument_parser.defaults.DefaultArgumentsDecorator object at 0xf4a4fcec3940>, verb_extension=<colcon_core.verb.build.BuildVerb object at 0xf4a4fd0bcd60>, main=<bound method BuildVerb.main of <colcon_core.verb.build.BuildVerb object at 0xf4a4fd0bcd60>>)
[0.206s] Level 1:colcon.colcon_core.package_discovery:discover_packages(colcon_meta) check parameters
[0.207s] Level 1:colcon.colcon_core.package_discovery:discover_packages(recursive) check parameters
[0.207s] Level 1:colcon.colcon_core.package_discovery:discover_packages(ignore) check parameters
[0.207s] Level 1:colcon.colcon_core.package_discovery:discover_packages(path) check parameters
[0.207s] Level 1:colcon.colcon_core.package_discovery:discover_packages(colcon_meta) discover
[0.207s] Level 1:colcon.colcon_core.package_discovery:discover_packages(recursive) discover
[0.207s] INFO:colcon.colcon_core.package_discovery:Crawling recursively for packages in '/home/ubuntu/vio-scratch'
[0.208s] Level 1:colcon.colcon_core.package_identification:_identify(.) by extensions ['ignore', 'ignore_ament_install']
[0.208s] Level 1:colcon.colcon_core.package_identification:_identify(.) by extension 'ignore'
[0.208s] Level 1:colcon.colcon_core.package_identification:_identify(.) by extension 'ignore_ament_install'
[0.208s] Level 1:colcon.colcon_core.package_identification:_identify(.) by extensions ['colcon_pkg']
[0.208s] Level 1:colcon.colcon_core.package_identification:_identify(.) by extension 'colcon_pkg'
[0.208s] Level 1:colcon.colcon_core.package_identification:_identify(.) by extensions ['colcon_meta']
[0.208s] Level 1:colcon.colcon_core.package_identification:_identify(.) by extension 'colcon_meta'
[0.209s] Level 1:colcon.colcon_core.package_identification:_identify(.) by extensions ['ros']
[0.209s] Level 1:colcon.colcon_core.package_identification:_identify(.) by extension 'ros'
[0.220s] Level 1:colcon.colcon_core.package_identification:_identify(.) by extensions ['cmake', 'python']
[0.220s] Level 1:colcon.colcon_core.package_identification:_identify(.) by extension 'cmake'
[0.220s] Level 1:colcon.colcon_core.package_identification:_identify(.) by extension 'python'
[0.220s] Level 1:colcon.colcon_core.package_identification:_identify(.) by extensions ['python_setup_py']
[0.221s] Level 1:colcon.colcon_core.package_identification:_identify(.) by extension 'python_setup_py'
[0.221s] Level 1:colcon.colcon_core.package_identification:_identify(build) by extensions ['ignore', 'ignore_ament_install']
[0.221s] Level 1:colcon.colcon_core.package_identification:_identify(build) by extension 'ignore'
[0.221s] Level 1:colcon.colcon_core.package_identification:_identify(build) ignored
[0.221s] Level 1:colcon.colcon_core.package_identification:_identify(install) by extensions ['ignore', 'ignore_ament_install']
[0.222s] Level 1:colcon.colcon_core.package_identification:_identify(install) by extension 'ignore'
[0.222s] Level 1:colcon.colcon_core.package_identification:_identify(install) ignored
[0.222s] Level 1:colcon.colcon_core.package_identification:_identify(log) by extensions ['ignore', 'ignore_ament_install']
[0.222s] Level 1:colcon.colcon_core.package_identification:_identify(log) by extension 'ignore'
[0.222s] Level 1:colcon.colcon_core.package_identification:_identify(log) ignored
[0.223s] Level 1:colcon.colcon_core.package_identification:_identify(src) by extensions ['ignore', 'ignore_ament_install']
[0.223s] Level 1:colcon.colcon_core.package_identification:_identify(src) by extension 'ignore'
[0.223s] Level 1:colcon.colcon_core.package_identification:_identify(src) by extension 'ignore_ament_install'
[0.223s] Level 1:colcon.colcon_core.package_identification:_identify(src) by extensions ['colcon_pkg']
[0.223s] Level 1:colcon.colcon_core.package_identification:_identify(src) by extension 'colcon_pkg'
[0.223s] Level 1:colcon.colcon_core.package_identification:_identify(src) by extensions ['colcon_meta']
[0.223s] Level 1:colcon.colcon_core.package_identification:_identify(src) by extension 'colcon_meta'
[0.223s] Level 1:colcon.colcon_core.package_identification:_identify(src) by extensions ['ros']
[0.223s] Level 1:colcon.colcon_core.package_identification:_identify(src) by extension 'ros'
[0.224s] Level 1:colcon.colcon_core.package_identification:_identify(src) by extensions ['cmake', 'python']
[0.224s] Level 1:colcon.colcon_core.package_identification:_identify(src) by extension 'cmake'
[0.224s] Level 1:colcon.colcon_core.package_identification:_identify(src) by extension 'python'
[0.224s] Level 1:colcon.colcon_core.package_identification:_identify(src) by extensions ['python_setup_py']
[0.224s] Level 1:colcon.colcon_core.package_identification:_identify(src) by extension 'python_setup_py'
[0.224s] Level 1:colcon.colcon_core.package_identification:_identify(src/inertial_vo) by extensions ['ignore', 'ignore_ament_install']
[0.225s] Level 1:colcon.colcon_core.package_identification:_identify(src/inertial_vo) by extension 'ignore'
[0.225s] Level 1:colcon.colcon_core.package_identification:_identify(src/inertial_vo) by extension 'ignore_ament_install'
[0.225s] Level 1:colcon.colcon_core.package_identification:_identify(src/inertial_vo) by extensions ['colcon_pkg']
[0.225s] Level 1:colcon.colcon_core.package_identification:_identify(src/inertial_vo) by extension 'colcon_pkg'
[0.225s] Level 1:colcon.colcon_core.package_identification:_identify(src/inertial_vo) by extensions ['colcon_meta']
[0.225s] Level 1:colcon.colcon_core.package_identification:_identify(src/inertial_vo) by extension 'colcon_meta'
[0.225s] Level 1:colcon.colcon_core.package_identification:_identify(src/inertial_vo) by extensions ['ros']
[0.225s] Level 1:colcon.colcon_core.package_identification:_identify(src/inertial_vo) by extension 'ros'
[0.228s] DEBUG:colcon.colcon_core.package_identification:Package 'src/inertial_vo' with type 'ros.ament_cmake' and name 'inertial_vo'
[0.229s] Level 1:colcon.colcon_core.package_identification:_identify(src/inertial_vo_py) by extensions ['ignore', 'ignore_ament_install']
[0.229s] Level 1:colcon.colcon_core.package_identification:_identify(src/inertial_vo_py) by extension 'ignore'
[0.229s] Level 1:colcon.colcon_core.package_identification:_identify(src/inertial_vo_py) by extension 'ignore_ament_install'
[0.229s] Level 1:colcon.colcon_core.package_identification:_identify(src/inertial_vo_py) by extensions ['colcon_pkg']
[0.229s] Level 1:colcon.colcon_core.package_identification:_identify(src/inertial_vo_py) by extension 'colcon_pkg'
[0.230s] Level 1:colcon.colcon_core.package_identification:_identify(src/inertial_vo_py) by extensions ['colcon_meta']
[0.230s] Level 1:colcon.colcon_core.package_identification:_identify(src/inertial_vo_py) by extension 'colcon_meta'
[0.230s] Level 1:colcon.colcon_core.package_identification:_identify(src/inertial_vo_py) by extensions ['ros']
[0.230s] Level 1:colcon.colcon_core.package_identification:_identify(src/inertial_vo_py) by extension 'ros'
[0.231s] DEBUG:colcon.colcon_core.package_identification:Package 'src/inertial_vo_py' with type 'ros.ament_python' and name 'inertial_vo_py'
[0.231s] Level 1:colcon.colcon_core.package_discovery:discover_packages(recursive) using defaults
[0.231s] Level 1:colcon.colcon_core.package_discovery:discover_packages(ignore) discover
[0.231s] Level 1:colcon.colcon_core.package_discovery:discover_packages(ignore) using defaults
[0.231s] Level 1:colcon.colcon_core.package_discovery:discover_packages(path) discover
[0.231s] Level 1:colcon.colcon_core.package_discovery:discover_packages(path) using defaults
[0.253s] Level 1:colcon.colcon_core.package_discovery:discover_packages(prefix_path) check parameters
[0.253s] Level 1:colcon.colcon_core.package_discovery:discover_packages(prefix_path) discover
[0.254s] WARNING:colcon.colcon_ros.prefix_path.ament:The path '/home/ubuntu/vio-scratch/install/inertial_vo_py' in the environment variable AMENT_PREFIX_PATH doesn't exist
[0.256s] DEBUG:colcon.colcon_installed_package_information.package_discovery:Found 0 installed packages in /home/ubuntu/vio-scratch/install
[0.257s] DEBUG:colcon.colcon_installed_package_information.package_discovery:Found 272 installed packages in /opt/ros/humble
[0.265s] Level 1:colcon.colcon_core.package_discovery:discover_packages(prefix_path) using defaults
[0.292s] Level 5:colcon.colcon_core.verb:set package 'inertial_vo' build argument 'cmake_args' from command line to 'None'
[0.292s] Level 5:colcon.colcon_core.verb:set package 'inertial_vo' build argument 'cmake_target' from command line to 'None'
[0.292s] Level 5:colcon.colcon_core.verb:set package 'inertial_vo' build argument 'cmake_target_skip_unavailable' from command line to 'False'
[0.292s] Level 5:colcon.colcon_core.verb:set package 'inertial_vo' build argument 'cmake_clean_cache' from command line to 'False'
[0.292s] Level 5:colcon.colcon_core.verb:set package 'inertial_vo' build argument 'cmake_clean_first' from command line to 'False'
[0.293s] Level 5:colcon.colcon_core.verb:set package 'inertial_vo' build argument 'cmake_force_configure' from command line to 'False'
[0.293s] Level 5:colcon.colcon_core.verb:set package 'inertial_vo' build argument 'ament_cmake_args' from command line to 'None'
[0.293s] Level 5:colcon.colcon_core.verb:set package 'inertial_vo' build argument 'catkin_cmake_args' from command line to 'None'
[0.293s] Level 5:colcon.colcon_core.verb:set package 'inertial_vo' build argument 'catkin_skip_building_tests' from command line to 'False'
[0.293s] DEBUG:colcon.colcon_core.verb:Building package 'inertial_vo' with the following arguments: {'ament_cmake_args': None, 'build_base': '/home/ubuntu/vio-scratch/build/inertial_vo', 'catkin_cmake_args': None, 'catkin_skip_building_tests': False, 'cmake_args': None, 'cmake_clean_cache': False, 'cmake_clean_first': False, 'cmake_force_configure': False, 'cmake_target': None, 'cmake_target_skip_unavailable': False, 'install_base': '/home/ubuntu/vio-scratch/install/inertial_vo', 'merge_install': False, 'path': '/home/ubuntu/vio-scratch/src/inertial_vo', 'symlink_install': True, 'test_result_base': None}
[0.293s] Level 5:colcon.colcon_core.verb:set package 'inertial_vo_py' build argument 'cmake_args' from command line to 'None'
[0.294s] Level 5:colcon.colcon_core.verb:set package 'inertial_vo_py' build argument 'cmake_target' from command line to 'None'
[0.294s] Level 5:colcon.colcon_core.verb:set package 'inertial_vo_py' build argument 'cmake_target_skip_unavailable' from command line to 'False'
[0.294s] Level 5:colcon.colcon_core.verb:set package 'inertial_vo_py' build argument 'cmake_clean_cache' from command line to 'False'
[0.294s] Level 5:colcon.colcon_core.verb:set package 'inertial_vo_py' build argument 'cmake_clean_first' from command line to 'False'
[0.294s] Level 5:colcon.colcon_core.verb:set package 'inertial_vo_py' build argument 'cmake_force_configure' from command line to 'False'
[0.294s] Level 5:colcon.colcon_core.verb:set package 'inertial_vo_py' build argument 'ament_cmake_args' from command line to 'None'
[0.295s] Level 5:colcon.colcon_core.verb:set package 'inertial_vo_py' build argument 'catkin_cmake_args' from command line to 'None'
[0.295s] Level 5:colcon.colcon_core.verb:set package 'inertial_vo_py' build argument 'catkin_skip_building_tests' from command line to 'False'
[0.295s] DEBUG:colcon.colcon_core.verb:Building package 'inertial_vo_py' with the following arguments: {'ament_cmake_args': None, 'build_base': '/home/ubuntu/vio-scratch/build/inertial_vo_py', 'catkin_cmake_args': None, 'catkin_skip_building_tests': False, 'cmake_args': None, 'cmake_clean_cache': False, 'cmake_clean_first': False, 'cmake_force_configure': False, 'cmake_target': None, 'cmake_target_skip_unavailable': False, 'install_base': '/home/ubuntu/vio-scratch/install/inertial_vo_py', 'merge_install': False, 'path': '/home/ubuntu/vio-scratch/src/inertial_vo_py', 'symlink_install': True, 'test_result_base': None}
[0.295s] INFO:colcon.colcon_core.executor:Executing jobs using 'parallel' executor
[0.296s] DEBUG:colcon.colcon_parallel_executor.executor.parallel:run_until_complete
[0.296s] INFO:colcon.colcon_ros.task.ament_cmake.build:Building ROS package in '/home/ubuntu/vio-scratch/src/inertial_vo' with build type 'ament_cmake'
[0.297s] INFO:colcon.colcon_cmake.task.cmake.build:Building CMake package in '/home/ubuntu/vio-scratch/src/inertial_vo'
[0.299s] INFO:colcon.colcon_core.plugin_system:Skipping extension 'colcon_core.shell.bat': Not used on non-Windows systems
[0.300s] INFO:colcon.colcon_core.shell:Skip shell extension 'powershell' for command environment: Not usable outside of PowerShell
[0.300s] DEBUG:colcon.colcon_core.shell:Skip shell extension 'dsv' for command environment
[0.305s] INFO:colcon.colcon_ros.task.ament_python.build:Building ROS package in '/home/ubuntu/vio-scratch/src/inertial_vo_py' with build type 'ament_python'
[0.306s] Level 1:colcon.colcon_core.shell:create_environment_hook('inertial_vo_py', 'ament_prefix_path')
[0.306s] INFO:colcon.colcon_core.shell:Creating environment hook '/home/ubuntu/vio-scratch/install/inertial_vo_py/share/inertial_vo_py/hook/ament_prefix_path.ps1'
[0.309s] INFO:colcon.colcon_core.shell:Creating environment descriptor '/home/ubuntu/vio-scratch/install/inertial_vo_py/share/inertial_vo_py/hook/ament_prefix_path.dsv'
[0.312s] INFO:colcon.colcon_core.shell:Creating environment hook '/home/ubuntu/vio-scratch/install/inertial_vo_py/share/inertial_vo_py/hook/ament_prefix_path.sh'
[0.315s] INFO:colcon.colcon_core.shell:Skip shell extension 'powershell' for command environment: Not usable outside of PowerShell
[0.315s] DEBUG:colcon.colcon_core.shell:Skip shell extension 'dsv' for command environment
[0.336s] DEBUG:colcon.colcon_core.event_handler.log_command:Invoking command in '/home/ubuntu/vio-scratch/build/inertial_vo': CMAKE_PREFIX_PATH=/home/ubuntu/vio-scratch/install/inertial_vo_py:/opt/ros/humble /usr/bin/cmake /home/ubuntu/vio-scratch/src/inertial_vo -DAMENT_CMAKE_SYMLINK_INSTALL=1 -DCMAKE_INSTALL_PREFIX=/home/ubuntu/vio-scratch/install/inertial_vo
[0.533s] INFO:colcon.colcon_core.task.python.build:Building Python package in '/home/ubuntu/vio-scratch/src/inertial_vo_py'
[0.533s] INFO:colcon.colcon_core.shell:Skip shell extension 'powershell' for command environment: Not usable outside of PowerShell
[0.533s] DEBUG:colcon.colcon_core.shell:Skip shell extension 'dsv' for command environment
[0.833s] DEBUG:colcon.colcon_core.event_handler.log_command:Invoking command in '/home/ubuntu/vio-scratch/build/inertial_vo_py': PYTHONPATH=/home/ubuntu/vio-scratch/build/inertial_vo_py/prefix_override:/usr/lib/python3/dist-packages/colcon_core/task/python/colcon_distutils_commands:/home/ubuntu/vio-scratch/install/inertial_vo_py/lib/python3.10/site-packages:${PYTHONPATH} /usr/bin/python3 -W ignore:setup.py install is deprecated -W ignore:easy_install command is deprecated setup.py develop --editable --build-directory /home/ubuntu/vio-scratch/build/inertial_vo_py/build --no-deps symlink_data
[1.191s] Level 1:colcon.colcon_core.shell:create_environment_hook('inertial_vo_py', 'pythonpath_develop')
[1.192s] INFO:colcon.colcon_core.shell:Creating environment hook '/home/ubuntu/vio-scratch/build/inertial_vo_py/share/inertial_vo_py/hook/pythonpath_develop.ps1'
[1.193s] DEBUG:colcon.colcon_core.event_handler.log_command:Invoked command in '/home/ubuntu/vio-scratch/build/inertial_vo_py' returned '0': PYTHONPATH=/home/ubuntu/vio-scratch/build/inertial_vo_py/prefix_override:/usr/lib/python3/dist-packages/colcon_core/task/python/colcon_distutils_commands:/home/ubuntu/vio-scratch/install/inertial_vo_py/lib/python3.10/site-packages:${PYTHONPATH} /usr/bin/python3 -W ignore:setup.py install is deprecated -W ignore:easy_install command is deprecated setup.py develop --editable --build-directory /home/ubuntu/vio-scratch/build/inertial_vo_py/build --no-deps symlink_data
[1.195s] INFO:colcon.colcon_core.shell:Creating environment descriptor '/home/ubuntu/vio-scratch/build/inertial_vo_py/share/inertial_vo_py/hook/pythonpath_develop.dsv'
[1.199s] INFO:colcon.colcon_core.shell:Creating environment hook '/home/ubuntu/vio-scratch/build/inertial_vo_py/share/inertial_vo_py/hook/pythonpath_develop.sh'
[1.202s] Level 1:colcon.colcon_core.environment:checking '/home/ubuntu/vio-scratch/install/inertial_vo_py' for CMake module files
[1.204s] Level 1:colcon.colcon_core.environment:checking '/home/ubuntu/vio-scratch/install/inertial_vo_py' for CMake config files
[1.211s] Level 1:colcon.colcon_core.environment:checking '/home/ubuntu/vio-scratch/install/inertial_vo_py/lib'
[1.211s] Level 1:colcon.colcon_core.environment:checking '/home/ubuntu/vio-scratch/install/inertial_vo_py/bin'
[1.212s] Level 1:colcon.colcon_core.environment:checking '/home/ubuntu/vio-scratch/install/inertial_vo_py/lib/pkgconfig/inertial_vo_py.pc'
[1.212s] Level 1:colcon.colcon_core.environment:checking '/home/ubuntu/vio-scratch/install/inertial_vo_py/lib/python3.10/site-packages'
[1.213s] Level 1:colcon.colcon_core.shell:create_environment_hook('inertial_vo_py', 'pythonpath')
[1.213s] INFO:colcon.colcon_core.shell:Creating environment hook '/home/ubuntu/vio-scratch/install/inertial_vo_py/share/inertial_vo_py/hook/pythonpath.ps1'
[1.219s] INFO:colcon.colcon_core.shell:Creating environment descriptor '/home/ubuntu/vio-scratch/install/inertial_vo_py/share/inertial_vo_py/hook/pythonpath.dsv'
[1.227s] INFO:colcon.colcon_core.shell:Creating environment hook '/home/ubuntu/vio-scratch/install/inertial_vo_py/share/inertial_vo_py/hook/pythonpath.sh'
[1.245s] Level 1:colcon.colcon_core.environment:checking '/home/ubuntu/vio-scratch/install/inertial_vo_py/bin'
[1.247s] Level 1:colcon.colcon_core.environment:create_environment_scripts_only(inertial_vo_py)
[1.250s] INFO:colcon.colcon_core.shell:Creating package script '/home/ubuntu/vio-scratch/install/inertial_vo_py/share/inertial_vo_py/package.ps1'
[1.257s] INFO:colcon.colcon_core.shell:Creating package descriptor '/home/ubuntu/vio-scratch/install/inertial_vo_py/share/inertial_vo_py/package.dsv'
[1.259s] INFO:colcon.colcon_core.shell:Creating package script '/home/ubuntu/vio-scratch/install/inertial_vo_py/share/inertial_vo_py/package.sh'
[1.263s] INFO:colcon.colcon_core.shell:Creating package script '/home/ubuntu/vio-scratch/install/inertial_vo_py/share/inertial_vo_py/package.bash'
[1.269s] INFO:colcon.colcon_core.shell:Creating package script '/home/ubuntu/vio-scratch/install/inertial_vo_py/share/inertial_vo_py/package.zsh'
[1.271s] Level 1:colcon.colcon_core.environment:create_file_with_runtime_dependencies(/home/ubuntu/vio-scratch/install/inertial_vo_py/share/colcon-core/packages/inertial_vo_py)
[2.194s] DEBUG:colcon.colcon_core.event_handler.log_command:Invoked command in '/home/ubuntu/vio-scratch/build/inertial_vo' returned '0': CMAKE_PREFIX_PATH=/home/ubuntu/vio-scratch/install/inertial_vo_py:/opt/ros/humble /usr/bin/cmake /home/ubuntu/vio-scratch/src/inertial_vo -DAMENT_CMAKE_SYMLINK_INSTALL=1 -DCMAKE_INSTALL_PREFIX=/home/ubuntu/vio-scratch/install/inertial_vo
[2.199s] DEBUG:colcon.colcon_core.event_handler.log_command:Invoking command in '/home/ubuntu/vio-scratch/build/inertial_vo': CMAKE_PREFIX_PATH=/home/ubuntu/vio-scratch/install/inertial_vo_py:/opt/ros/humble /usr/bin/cmake --build /home/ubuntu/vio-scratch/build/inertial_vo -- -j2 -l2
[40.456s] DEBUG:colcon.colcon_core.event_handler.log_command:Invoked command in '/home/ubuntu/vio-scratch/build/inertial_vo' returned '0': CMAKE_PREFIX_PATH=/home/ubuntu/vio-scratch/install/inertial_vo_py:/opt/ros/humble /usr/bin/cmake --build /home/ubuntu/vio-scratch/build/inertial_vo -- -j2 -l2
[40.479s] DEBUG:colcon.colcon_core.event_handler.log_command:Invoking command in '/home/ubuntu/vio-scratch/build/inertial_vo': CMAKE_PREFIX_PATH=/home/ubuntu/vio-scratch/install/inertial_vo_py:/opt/ros/humble /usr/bin/cmake --install /home/ubuntu/vio-scratch/build/inertial_vo
[40.727s] Level 1:colcon.colcon_core.environment:create_environment_scripts_only(inertial_vo)
[40.729s] Level 1:colcon.colcon_core.environment:checking '/home/ubuntu/vio-scratch/install/inertial_vo' for CMake module files
[40.729s] DEBUG:colcon.colcon_core.event_handler.log_command:Invoked command in '/home/ubuntu/vio-scratch/build/inertial_vo' returned '0': CMAKE_PREFIX_PATH=/home/ubuntu/vio-scratch/install/inertial_vo_py:/opt/ros/humble /usr/bin/cmake --install /home/ubuntu/vio-scratch/build/inertial_vo
[40.734s] Level 1:colcon.colcon_core.environment:checking '/home/ubuntu/vio-scratch/install/inertial_vo' for CMake config files
[40.736s] Level 1:colcon.colcon_core.shell:create_environment_hook('inertial_vo', 'cmake_prefix_path')
[40.740s] INFO:colcon.colcon_core.shell:Creating environment hook '/home/ubuntu/vio-scratch/install/inertial_vo/share/inertial_vo/hook/cmake_prefix_path.ps1'
[40.748s] INFO:colcon.colcon_core.shell:Creating environment descriptor '/home/ubuntu/vio-scratch/install/inertial_vo/share/inertial_vo/hook/cmake_prefix_path.dsv'
[40.751s] INFO:colcon.colcon_core.shell:Creating environment hook '/home/ubuntu/vio-scratch/install/inertial_vo/share/inertial_vo/hook/cmake_prefix_path.sh'
[40.754s] Level 1:colcon.colcon_core.environment:checking '/home/ubuntu/vio-scratch/install/inertial_vo/lib'
[40.754s] Level 1:colcon.colcon_core.environment:checking '/home/ubuntu/vio-scratch/install/inertial_vo/bin'
[40.755s] Level 1:colcon.colcon_core.environment:checking '/home/ubuntu/vio-scratch/install/inertial_vo/lib/pkgconfig/inertial_vo.pc'
[40.755s] Level 1:colcon.colcon_core.environment:checking '/home/ubuntu/vio-scratch/install/inertial_vo/lib/python3.10/site-packages'
[40.756s] Level 1:colcon.colcon_core.environment:checking '/home/ubuntu/vio-scratch/install/inertial_vo/bin'
[40.756s] INFO:colcon.colcon_core.shell:Creating package script '/home/ubuntu/vio-scratch/install/inertial_vo/share/inertial_vo/package.ps1'
[40.758s] INFO:colcon.colcon_core.shell:Creating package descriptor '/home/ubuntu/vio-scratch/install/inertial_vo/share/inertial_vo/package.dsv'
[40.760s] INFO:colcon.colcon_core.shell:Creating package script '/home/ubuntu/vio-scratch/install/inertial_vo/share/inertial_vo/package.sh'
[40.761s] INFO:colcon.colcon_core.shell:Creating package script '/home/ubuntu/vio-scratch/install/inertial_vo/share/inertial_vo/package.bash'
[40.763s] INFO:colcon.colcon_core.shell:Creating package script '/home/ubuntu/vio-scratch/install/inertial_vo/share/inertial_vo/package.zsh'
[40.765s] Level 1:colcon.colcon_core.environment:create_file_with_runtime_dependencies(/home/ubuntu/vio-scratch/install/inertial_vo/share/colcon-core/packages/inertial_vo)
[40.768s] Level 1:colcon.colcon_core.environment:create_environment_scripts_only(inertial_vo)
[40.768s] Level 1:colcon.colcon_core.environment:checking '/home/ubuntu/vio-scratch/install/inertial_vo' for CMake module files
[40.772s] Level 1:colcon.colcon_core.environment:checking '/home/ubuntu/vio-scratch/install/inertial_vo' for CMake config files
[40.774s] Level 1:colcon.colcon_core.shell:create_environment_hook('inertial_vo', 'cmake_prefix_path')
[40.774s] INFO:colcon.colcon_core.shell:Creating environment hook '/home/ubuntu/vio-scratch/install/inertial_vo/share/inertial_vo/hook/cmake_prefix_path.ps1'
[40.775s] INFO:colcon.colcon_core.shell:Creating environment descriptor '/home/ubuntu/vio-scratch/install/inertial_vo/share/inertial_vo/hook/cmake_prefix_path.dsv'
[40.777s] INFO:colcon.colcon_core.shell:Creating environment hook '/home/ubuntu/vio-scratch/install/inertial_vo/share/inertial_vo/hook/cmake_prefix_path.sh'
[40.779s] Level 1:colcon.colcon_core.environment:checking '/home/ubuntu/vio-scratch/install/inertial_vo/lib'
[40.780s] Level 1:colcon.colcon_core.environment:checking '/home/ubuntu/vio-scratch/install/inertial_vo/bin'
[40.780s] Level 1:colcon.colcon_core.environment:checking '/home/ubuntu/vio-scratch/install/inertial_vo/lib/pkgconfig/inertial_vo.pc'
[40.780s] Level 1:colcon.colcon_core.environment:checking '/home/ubuntu/vio-scratch/install/inertial_vo/lib/python3.10/site-packages'
[40.781s] Level 1:colcon.colcon_core.environment:checking '/home/ubuntu/vio-scratch/install/inertial_vo/bin'
[40.781s] INFO:colcon.colcon_core.shell:Creating package script '/home/ubuntu/vio-scratch/install/inertial_vo/share/inertial_vo/package.ps1'
[40.782s] INFO:colcon.colcon_core.shell:Creating package descriptor '/home/ubuntu/vio-scratch/install/inertial_vo/share/inertial_vo/package.dsv'
[40.784s] INFO:colcon.colcon_core.shell:Creating package script '/home/ubuntu/vio-scratch/install/inertial_vo/share/inertial_vo/package.sh'
[40.786s] INFO:colcon.colcon_core.shell:Creating package script '/home/ubuntu/vio-scratch/install/inertial_vo/share/inertial_vo/package.bash'
[40.788s] INFO:colcon.colcon_core.shell:Creating package script '/home/ubuntu/vio-scratch/install/inertial_vo/share/inertial_vo/package.zsh'
[40.789s] Level 1:colcon.colcon_core.environment:create_file_with_runtime_dependencies(/home/ubuntu/vio-scratch/install/inertial_vo/share/colcon-core/packages/inertial_vo)
[40.790s] DEBUG:colcon.colcon_parallel_executor.executor.parallel:closing loop
[40.791s] DEBUG:colcon.colcon_parallel_executor.executor.parallel:loop closed
[40.791s] DEBUG:colcon.colcon_parallel_executor.executor.parallel:run_until_complete finished with '0'
[40.791s] DEBUG:colcon.colcon_core.event_reactor:joining thread
[40.814s] INFO:colcon.colcon_core.plugin_system:Skipping extension 'colcon_notification.desktop_notification.terminal_notifier': Not used on non-Darwin systems
[40.815s] INFO:colcon.colcon_core.plugin_system:Skipping extension 'colcon_notification.desktop_notification.win32': Not used on non-Windows systems
[40.815s] INFO:colcon.colcon_notification.desktop_notification:Sending desktop notification using 'notify2'
[41.305s] DEBUG:colcon.colcon_core.event_reactor:joined thread
[41.306s] INFO:colcon.colcon_core.shell:Creating prefix script '/home/ubuntu/vio-scratch/install/local_setup.ps1'
[41.310s] INFO:colcon.colcon_core.shell:Creating prefix util module '/home/ubuntu/vio-scratch/install/_local_setup_util_ps1.py'
[41.312s] INFO:colcon.colcon_core.shell:Creating prefix chain script '/home/ubuntu/vio-scratch/install/setup.ps1'
[41.315s] INFO:colcon.colcon_core.shell:Creating prefix script '/home/ubuntu/vio-scratch/install/local_setup.sh'
[41.317s] INFO:colcon.colcon_core.shell:Creating prefix util module '/home/ubuntu/vio-scratch/install/_local_setup_util_sh.py'
[41.319s] INFO:colcon.colcon_core.shell:Creating prefix chain script '/home/ubuntu/vio-scratch/install/setup.sh'
[41.324s] INFO:colcon.colcon_core.shell:Creating prefix script '/home/ubuntu/vio-scratch/install/local_setup.bash'
[41.325s] INFO:colcon.colcon_core.shell:Creating prefix chain script '/home/ubuntu/vio-scratch/install/setup.bash'
[41.327s] INFO:colcon.colcon_core.shell:Creating prefix script '/home/ubuntu/vio-scratch/install/local_setup.zsh'
[41.328s] INFO:colcon.colcon_core.shell:Creating prefix chain script '/home/ubuntu/vio-scratch/install/setup.zsh'
