-- The C compiler identification is GNU 11.4.0
-- The CXX compiler identification is GNU 11.4.0
-- Detecting C compiler ABI info
-- Detecting C compiler ABI info - done
-- Check for working C compiler: /usr/bin/cc - skipped
-- Detecting C compile features
-- Detecting C compile features - done
-- Detecting CXX compiler ABI info
-- Detecting CXX compiler ABI info - done
-- Check for working CXX compiler: /usr/bin/c++ - skipped
-- Detecting CXX compile features
-- Detecting CXX compile features - done
-- Found ament_cmake: 1.3.13 (/opt/ros/humble/share/ament_cmake/cmake)
-- Found Python3: /usr/bin/python3 (found version "3.10.12") found components: Interpreter 
-- Override CMake install command with custom implementation using symlinks instead of copying resources
-- Found rclcpp: 16.0.18 (/opt/ros/humble/share/rclcpp/cmake)
-- Found rosidl_generator_c: 3.1.8 (/opt/ros/humble/share/rosidl_generator_c/cmake)
-- Found rosidl_adapter: 3.1.8 (/opt/ros/humble/share/rosidl_adapter/cmake)
-- Found rosidl_generator_cpp: 3.1.8 (/opt/ros/humble/share/rosidl_generator_cpp/cmake)
-- Using all available rosidl_typesupport_c: rosidl_typesupport_fastrtps_c;rosidl_typesupport_introspection_c
-- Using all available rosidl_typesupport_cpp: rosidl_typesupport_fastrtps_cpp;rosidl_typesupport_introspection_cpp
-- Found rmw_implementation_cmake: 6.1.2 (/opt/ros/humble/share/rmw_implementation_cmake/cmake)
-- Found rmw_fastrtps_cpp: 6.2.10 (/opt/ros/humble/share/rmw_fastrtps_cpp/cmake)
-- Found OpenSSL: /usr/lib/aarch64-linux-gnu/libcrypto.so (found version "3.0.2")  
-- Found FastRTPS: /opt/ros/humble/include  
-- Using RMW implementation 'rmw_fastrtps_cpp' as default
-- Looking for pthread.h
-- Looking for pthread.h - found
-- Performing Test CMAKE_HAVE_LIBC_PTHREAD
-- Performing Test CMAKE_HAVE_LIBC_PTHREAD - Success
-- Found Threads: TRUE  
-- Found sensor_msgs: 4.9.1 (/opt/ros/humble/share/sensor_msgs/cmake)
-- Found cv_bridge: 3.2.1 (/opt/ros/humble/share/cv_bridge/cmake)
-- Found nav_msgs: 4.9.1 (/opt/ros/humble/share/nav_msgs/cmake)
-- Found tf2: 0.25.19 (/opt/ros/humble/share/tf2/cmake)
-- Found tf2_ros: 0.25.19 (/opt/ros/humble/share/tf2_ros/cmake)
-- Configuring done
-- Generating done
-- Build files have been written to: /home/ubuntu/vio-scratch/build/inertial_vo
[ 50%] [32mBuilding CXX object CMakeFiles/cpp_pub.dir/src/cpp_pub.cpp.o[0m
[100%] [32m[1mLinking CXX executable cpp_pub[0m
[100%] Built target cpp_pub
-- Install configuration: ""
-- Execute custom install script
-- Symlinking: /home/ubuntu/vio-scratch/install/inertial_vo/lib/inertial_vo/cpp_pub
-- Symlinking: /home/ubuntu/vio-scratch/install/inertial_vo/share/ament_index/resource_index/package_run_dependencies/inertial_vo
-- Symlinking: /home/ubuntu/vio-scratch/install/inertial_vo/share/ament_index/resource_index/parent_prefix_path/inertial_vo
-- Symlinking: /home/ubuntu/vio-scratch/install/inertial_vo/share/inertial_vo/environment/ament_prefix_path.sh
-- Symlinking: /home/ubuntu/vio-scratch/install/inertial_vo/share/inertial_vo/environment/ament_prefix_path.dsv
-- Symlinking: /home/ubuntu/vio-scratch/install/inertial_vo/share/inertial_vo/environment/path.sh
-- Symlinking: /home/ubuntu/vio-scratch/install/inertial_vo/share/inertial_vo/environment/path.dsv
-- Symlinking: /home/ubuntu/vio-scratch/install/inertial_vo/share/inertial_vo/local_setup.bash
-- Symlinking: /home/ubuntu/vio-scratch/install/inertial_vo/share/inertial_vo/local_setup.sh
-- Symlinking: /home/ubuntu/vio-scratch/install/inertial_vo/share/inertial_vo/local_setup.zsh
-- Symlinking: /home/ubuntu/vio-scratch/install/inertial_vo/share/inertial_vo/local_setup.dsv
-- Symlinking: /home/ubuntu/vio-scratch/install/inertial_vo/share/inertial_vo/package.dsv
-- Symlinking: /home/ubuntu/vio-scratch/install/inertial_vo/share/ament_index/resource_index/packages/inertial_vo
-- Symlinking: /home/ubuntu/vio-scratch/install/inertial_vo/share/inertial_vo/cmake/inertial_voConfig.cmake
-- Symlinking: /home/ubuntu/vio-scratch/install/inertial_vo/share/inertial_vo/cmake/inertial_voConfig-version.cmake
-- Symlinking: /home/ubuntu/vio-scratch/install/inertial_vo/share/inertial_vo/package.xml
