[0.036s] Invoking command in '/home/ubuntu/vio-scratch/build/inertial_vo': CMAKE_PREFIX_PATH=/home/ubuntu/vio-scratch/install/inertial_vo_py:/opt/ros/humble /usr/bin/cmake /home/ubuntu/vio-scratch/src/inertial_vo -DAMENT_CMAKE_SYMLINK_INSTALL=1 -DCMAKE_INSTALL_PREFIX=/home/ubuntu/vio-scratch/install/inertial_vo
[0.153s] -- The C compiler identification is GNU 11.4.0
[0.280s] -- The CXX compiler identification is GNU 11.4.0
[0.288s] -- Detecting C compiler ABI info
[0.400s] -- Detecting C compiler ABI info - done
[0.409s] -- Check for working C compiler: /usr/bin/cc - skipped
[0.410s] -- Detecting C compile features
[0.410s] -- Detecting C compile features - done
[0.415s] -- Detecting CXX compiler ABI info
[0.546s] -- Detecting CXX compiler ABI info - done
[0.562s] -- Check for working CXX compiler: /usr/bin/c++ - skipped
[0.563s] -- Detecting CXX compile features
[0.564s] -- Detecting CXX compile features - done
[0.574s] -- Found ament_cmake: 1.3.13 (/opt/ros/humble/share/ament_cmake/cmake)
[0.721s] -- Found Python3: /usr/bin/python3 (found version "3.10.12") found components: Interpreter 
[0.776s] -- Override CMake install command with custom implementation using symlinks instead of copying resources
[0.857s] -- Found rclcpp: 16.0.18 (/opt/ros/humble/share/rclcpp/cmake)
[0.977s] -- Found rosidl_generator_c: 3.1.8 (/opt/ros/humble/share/rosidl_generator_c/cmake)
[0.986s] -- Found rosidl_adapter: 3.1.8 (/opt/ros/humble/share/rosidl_adapter/cmake)
[1.003s] -- Found rosidl_generator_cpp: 3.1.8 (/opt/ros/humble/share/rosidl_generator_cpp/cmake)
[1.050s] -- Using all available rosidl_typesupport_c: rosidl_typesupport_fastrtps_c;rosidl_typesupport_introspection_c
[1.071s] -- Using all available rosidl_typesupport_cpp: rosidl_typesupport_fastrtps_cpp;rosidl_typesupport_introspection_cpp
[1.152s] -- Found rmw_implementation_cmake: 6.1.2 (/opt/ros/humble/share/rmw_implementation_cmake/cmake)
[1.157s] -- Found rmw_fastrtps_cpp: 6.2.10 (/opt/ros/humble/share/rmw_fastrtps_cpp/cmake)
[1.244s] -- Found OpenSSL: /usr/lib/aarch64-linux-gnu/libcrypto.so (found version "3.0.2")  
[1.271s] -- Found FastRTPS: /opt/ros/humble/include  
[1.312s] -- Using RMW implementation 'rmw_fastrtps_cpp' as default
[1.327s] -- Looking for pthread.h
[1.425s] -- Looking for pthread.h - found
[1.426s] -- Performing Test CMAKE_HAVE_LIBC_PTHREAD
[1.518s] -- Performing Test CMAKE_HAVE_LIBC_PTHREAD - Success
[1.519s] -- Found Threads: TRUE  
[1.583s] -- Found sensor_msgs: 4.9.1 (/opt/ros/humble/share/sensor_msgs/cmake)
[1.612s] -- Found cv_bridge: 3.2.1 (/opt/ros/humble/share/cv_bridge/cmake)
[1.628s] -- Found nav_msgs: 4.9.1 (/opt/ros/humble/share/nav_msgs/cmake)
[1.645s] -- Found tf2: 0.25.19 (/opt/ros/humble/share/tf2/cmake)
[1.659s] -- Found tf2_ros: 0.25.19 (/opt/ros/humble/share/tf2_ros/cmake)
[1.835s] -- Configuring done
[1.872s] -- Generating done
[1.889s] -- Build files have been written to: /home/ubuntu/vio-scratch/build/inertial_vo
[1.897s] Invoked command in '/home/ubuntu/vio-scratch/build/inertial_vo' returned '0': CMAKE_PREFIX_PATH=/home/ubuntu/vio-scratch/install/inertial_vo_py:/opt/ros/humble /usr/bin/cmake /home/ubuntu/vio-scratch/src/inertial_vo -DAMENT_CMAKE_SYMLINK_INSTALL=1 -DCMAKE_INSTALL_PREFIX=/home/ubuntu/vio-scratch/install/inertial_vo
[1.902s] Invoking command in '/home/ubuntu/vio-scratch/build/inertial_vo': CMAKE_PREFIX_PATH=/home/ubuntu/vio-scratch/install/inertial_vo_py:/opt/ros/humble /usr/bin/cmake --build /home/ubuntu/vio-scratch/build/inertial_vo -- -j2 -l2
[1.943s] [ 50%] [32mBuilding CXX object CMakeFiles/cpp_pub.dir/src/cpp_pub.cpp.o[0m
[39.863s] [100%] [32m[1mLinking CXX executable cpp_pub[0m
[40.139s] [100%] Built target cpp_pub
[40.159s] Invoked command in '/home/ubuntu/vio-scratch/build/inertial_vo' returned '0': CMAKE_PREFIX_PATH=/home/ubuntu/vio-scratch/install/inertial_vo_py:/opt/ros/humble /usr/bin/cmake --build /home/ubuntu/vio-scratch/build/inertial_vo -- -j2 -l2
[40.181s] Invoking command in '/home/ubuntu/vio-scratch/build/inertial_vo': CMAKE_PREFIX_PATH=/home/ubuntu/vio-scratch/install/inertial_vo_py:/opt/ros/humble /usr/bin/cmake --install /home/ubuntu/vio-scratch/build/inertial_vo
[40.191s] -- Install configuration: ""
[40.192s] -- Execute custom install script
[40.193s] -- Symlinking: /home/ubuntu/vio-scratch/install/inertial_vo/lib/inertial_vo/cpp_pub
[40.232s] -- Symlinking: /home/ubuntu/vio-scratch/install/inertial_vo/share/ament_index/resource_index/package_run_dependencies/inertial_vo
[40.240s] -- Symlinking: /home/ubuntu/vio-scratch/install/inertial_vo/share/ament_index/resource_index/parent_prefix_path/inertial_vo
[40.258s] -- Symlinking: /home/ubuntu/vio-scratch/install/inertial_vo/share/inertial_vo/environment/ament_prefix_path.sh
[40.268s] -- Symlinking: /home/ubuntu/vio-scratch/install/inertial_vo/share/inertial_vo/environment/ament_prefix_path.dsv
[40.286s] -- Symlinking: /home/ubuntu/vio-scratch/install/inertial_vo/share/inertial_vo/environment/path.sh
[40.293s] -- Symlinking: /home/ubuntu/vio-scratch/install/inertial_vo/share/inertial_vo/environment/path.dsv
[40.301s] -- Symlinking: /home/ubuntu/vio-scratch/install/inertial_vo/share/inertial_vo/local_setup.bash
[40.312s] -- Symlinking: /home/ubuntu/vio-scratch/install/inertial_vo/share/inertial_vo/local_setup.sh
[40.321s] -- Symlinking: /home/ubuntu/vio-scratch/install/inertial_vo/share/inertial_vo/local_setup.zsh
[40.336s] -- Symlinking: /home/ubuntu/vio-scratch/install/inertial_vo/share/inertial_vo/local_setup.dsv
[40.344s] -- Symlinking: /home/ubuntu/vio-scratch/install/inertial_vo/share/inertial_vo/package.dsv
[40.354s] -- Symlinking: /home/ubuntu/vio-scratch/install/inertial_vo/share/ament_index/resource_index/packages/inertial_vo
[40.371s] -- Symlinking: /home/ubuntu/vio-scratch/install/inertial_vo/share/inertial_vo/cmake/inertial_voConfig.cmake
[40.388s] -- Symlinking: /home/ubuntu/vio-scratch/install/inertial_vo/share/inertial_vo/cmake/inertial_voConfig-version.cmake
[40.411s] -- Symlinking: /home/ubuntu/vio-scratch/install/inertial_vo/share/inertial_vo/package.xml
[40.432s] Invoked command in '/home/ubuntu/vio-scratch/build/inertial_vo' returned '0': CMAKE_PREFIX_PATH=/home/ubuntu/vio-scratch/install/inertial_vo_py:/opt/ros/humble /usr/bin/cmake --install /home/ubuntu/vio-scratch/build/inertial_vo
