[0.527s] Invoking command in '/home/ubuntu/vio-scratch/build/inertial_vo_py': PYTHONPATH=/home/ubuntu/vio-scratch/build/inertial_vo_py/prefix_override:/usr/lib/python3/dist-packages/colcon_core/task/python/colcon_distutils_commands:/home/ubuntu/vio-scratch/install/inertial_vo_py/lib/python3.10/site-packages:${PYTHONPATH} /usr/bin/python3 -W ignore:setup.py install is deprecated -W ignore:easy_install command is deprecated setup.py develop --editable --build-directory /home/ubuntu/vio-scratch/build/inertial_vo_py/build --no-deps symlink_data
[0.730s] running develop
[0.835s] running egg_info
[0.836s] creating inertial_vo_py.egg-info
[0.837s] writing inertial_vo_py.egg-info/PKG-INFO
[0.839s] writing dependency_links to inertial_vo_py.egg-info/dependency_links.txt
[0.839s] writing entry points to inertial_vo_py.egg-info/entry_points.txt
[0.840s] writing requirements to inertial_vo_py.egg-info/requires.txt
[0.840s] writing top-level names to inertial_vo_py.egg-info/top_level.txt
[0.841s] writing manifest file 'inertial_vo_py.egg-info/SOURCES.txt'
[0.843s] reading manifest file 'inertial_vo_py.egg-info/SOURCES.txt'
[0.845s] writing manifest file 'inertial_vo_py.egg-info/SOURCES.txt'
[0.852s] running build_ext
[0.854s] Creating /home/ubuntu/vio-scratch/install/inertial_vo_py/lib/python3.10/site-packages/inertial-vo-py.egg-link (link to .)
[0.859s] Installing py_sub script to /home/ubuntu/vio-scratch/install/inertial_vo_py/lib/inertial_vo_py
[0.860s] 
[0.861s] Installed /home/ubuntu/vio-scratch/build/inertial_vo_py
[0.861s] running symlink_data
[0.864s] creating /home/ubuntu/vio-scratch/install/inertial_vo_py/share/ament_index
[0.865s] creating /home/ubuntu/vio-scratch/install/inertial_vo_py/share/ament_index/resource_index
[0.865s] creating /home/ubuntu/vio-scratch/install/inertial_vo_py/share/ament_index/resource_index/packages
[0.865s] symbolically linking /home/ubuntu/vio-scratch/build/inertial_vo_py/resource/inertial_vo_py -> /home/ubuntu/vio-scratch/install/inertial_vo_py/share/ament_index/resource_index/packages
[0.867s] symbolically linking /home/ubuntu/vio-scratch/build/inertial_vo_py/package.xml -> /home/ubuntu/vio-scratch/install/inertial_vo_py/share/inertial_vo_py
[0.887s] Invoked command in '/home/ubuntu/vio-scratch/build/inertial_vo_py' returned '0': PYTHONPATH=/home/ubuntu/vio-scratch/build/inertial_vo_py/prefix_override:/usr/lib/python3/dist-packages/colcon_core/task/python/colcon_distutils_commands:/home/ubuntu/vio-scratch/install/inertial_vo_py/lib/python3.10/site-packages:${PYTHONPATH} /usr/bin/python3 -W ignore:setup.py install is deprecated -W ignore:easy_install command is deprecated setup.py develop --editable --build-directory /home/ubuntu/vio-scratch/build/inertial_vo_py/build --no-deps symlink_data
